"../../../Engine/Content/Animation/DefaultAnimCurveCompressionSettings.uasset" 0
"../../../Engine/Content/ArtTools/RenderToTexture/Enums/RenderToTexture_Enum.uasset" 1
"../../../Engine/Content/ArtTools/RenderToTexture/Enums/RenderToTexture_Flipbook_Enum.uasset" 2
"../../../Engine/Content/ArtTools/RenderToTexture/Enums/RenderToTexture_Imposter_Enum.uasset" 3
"../../../Engine/Content/EditorBlueprintResources/StandardMacros.uasset" 4
"../../../Engine/Content/ArtTools/RenderToTexture/Enums/EIntTypes.uasset" 5
"../../../Engine/Content/ArtTools/RenderToTexture/Macros/RenderToTextureFunctionLibrary.uasset" 6
"../../../Engine/Content/ArtTools/RenderToTexture/Enums/EFloatTypes.uasset" 7
"../../../Engine/Content/ArtTools/RenderToTexture/Macros/RenderToTextureMacros.uasset" 8
"../../../Engine/Content/Functions/Engine_MaterialFunctions01/Opacity/CameraDepthFade.uasset" 9
"../../../Engine/Content/EngineMaterials/T_Default_Material_Grid_M.uasset" 10
"../../../Engine/Content/EngineMaterials/T_Default_Material_Grid_N.uasset" 11
"../../../Engine/Content/EngineMaterials/WorldGridMaterial.uasset" 12
"../../../Engine/Content/ArtTools/RenderToTexture/Meshes/S_1_Unit_Plane.uasset" 13
"../../../Engine/Content/EngineMaterials/DefaultMaterial.uasset" 14
"../../../Engine/Content/BasicShapes/Cone.uasset" 15
"../../../Engine/Content/BasicShapes/Cube.uasset" 16
"../../../Engine/Content/BasicShapes/Cylinder.uasset" 17
"../../../Engine/Content/BasicShapes/Plane.uasset" 18
"../../../Engine/Content/BasicShapes/Sphere.uasset" 19
"../../../Engine/Content/EngineMaterials/DefaultPhysicalMaterial.uasset" 20
"../../../Engine/Content/BufferVisualization/AmbientOcclusion.uasset" 21
"../../../Engine/Content/BufferVisualization/BaseColor.uasset" 22
"../../../Engine/Content/BufferVisualization/CustomDepth.uasset" 23
"../../../Engine/Content/Functions/Engine_MaterialFunctions02/Utility/VectorLength.uasset" 24
"../../../Engine/Content/BufferVisualization/CustomDepthWorldUnits.uasset" 25
"../../../Engine/Content/Functions/Engine_MaterialFunctions02/Utility/BreakOutFloat2Components.uasset" 26
"../../../Engine/Content/Functions/Engine_MaterialFunctions01/Texturing/ScaleUVsByCenter.uasset" 27
"../../../Engine/Content/Functions/Engine_MaterialFunctions02/ScreenResolution.uasset" 28
"../../../Engine/Content/Functions/Engine_MaterialFunctions02/Texturing/ScreenAlignedUVs.uasset" 29
"../../../Engine/Content/Functions/Engine_MaterialFunctions02/Utility/MakeFloat2.uasset" 30
"../../../Engine/Content/Functions/Engine_MaterialFunctions02/Utility/MakeFloat3.uasset" 31
"../../../Engine/Content/EngineMaterials/MiniFont.uasset" 32
"../../../Engine/Content/BufferVisualization/CustomStencil.uasset" 33
"../../../Engine/Content/BufferVisualization/FinalImage.uasset" 34
"../../../Engine/Content/BufferVisualization/LightingModel.uasset" 35
"../../../Engine/Content/BufferVisualization/MaterialAO.uasset" 36
"../../../Engine/Content/BufferVisualization/Metallic.uasset" 37
"../../../Engine/Content/BufferVisualization/Opacity.uasset" 38
"../../../Engine/Content/BufferVisualization/PostTonemapHDRColor.uasset" 39
"../../../Engine/Content/BufferVisualization/PreTonemapHDRColor.uasset" 40
"../../../Engine/Content/BufferVisualization/Roughness.uasset" 41
"../../../Engine/Content/BufferVisualization/SceneColor.uasset" 42
"../../../Engine/Content/BufferVisualization/SceneDepth.uasset" 43
"../../../Engine/Content/BufferVisualization/SceneDepthWorldUnits.uasset" 44
"../../../Engine/Content/BufferVisualization/SeparateTranslucencyA.uasset" 45
"../../../Engine/Content/BufferVisualization/SeparateTranslucencyRGB.uasset" 46
"../../../Engine/Content/BufferVisualization/Specular.uasset" 47
"../../../Engine/Content/BufferVisualization/SubsurfaceColor.uasset" 48
"../../../Engine/Content/BufferVisualization/Velocity.uasset" 49
"../../../Engine/Content/BufferVisualization/WorldNormal.uasset" 50
"../../../Engine/Content/EditorBlueprintResources/ActorMacros.uasset" 51
"../../../Engine/Content/EditorLandscapeResources/DataLayer.uasset" 52
"../../../Engine/Content/EditorLandscapeResources/DefaultAlphaTexture.uasset" 53
"../../../Engine/Content/EditorLandscapeResources/LandscapeGizmoHeight_Mat.uasset" 54
"../../../Engine/Content/EditorLandscapeResources/LandscapeGizmo_Mat.uasset" 55
"../../../Engine/Content/EditorLandscapeResources/LandscapeGizmo_Mat_Copied.uasset" 56
"../../../Engine/Content/EditorLandscapeResources/SplineEditorMeshMat.uasset" 57
"../../../Engine/Content/EditorLandscapeResources/SplineEditorMesh.uasset" 58
"../../../Engine/Content/EditorMaterials/Cross.uasset" 59
"../../../Engine/Content/EditorMaterials/Cross_Mat.uasset" 60
"../../../Engine/Content/EditorMaterials/GizmoMaterial.uasset" 61
"../../../Engine/Content/Functions/Engine_MaterialFunctions02/ExampleContent/Textures/flipbook.uasset" 62
"../../../Engine/Content/Functions/Engine_MaterialFunctions02/Texturing/FlipBook.uasset" 63
"../../../Engine/Content/Functions/Engine_MaterialFunctions02/Utility/Sign.uasset" 64
"../../../Engine/Content/Functions/Engine_MaterialFunctions02/Utility/Round.uasset" 65
"../../../Engine/Content/EditorResources/T_EditorHelp.uasset" 66
"../../../Engine/Content/EditorMaterials/HelpActorMaterial.uasset" 67
"../../../Engine/Content/EditorMaterials/CompositeARGBLayer.uasset" 68
"../../../Engine/Content/EditorMaterials/TilingAALineIntegral.uasset" 69
"../../../Engine/Content/EditorMaterials/TilingAALineBoxFiltered.uasset" 70
"../../../Engine/Content/Functions/Engine_MaterialFunctions03/Procedurals/ComputeFilterWidth.uasset" 71
"../../../Engine/Content/EditorMaterials/TilingAADots.uasset" 72
"../../../Engine/Content/EngineMaterials/BlendFunc_DefBase.uasset" 73
"../../../Engine/Content/EngineMaterials/BlendFunc_DefBlend.uasset" 74
"../../../Engine/Content/Functions/Engine_MaterialFunctions03/Blends/Blend_Screen.uasset" 75
"../../../Engine/Content/EditorMaterials/TilingAAGrid.uasset" 76
"../../../Engine/Content/EditorMaterials/LevelGridMaterial.uasset" 77
"../../../Engine/Content/EditorMaterials/MakeCompositeARGBLayer.uasset" 78
"../../../Engine/Content/EditorResources/LevelGrid1DStripes.uasset" 79
"../../../Engine/Content/EditorMaterials/TextureGridCascaded1D.uasset" 80
"../../../Engine/Content/EditorMaterials/TextureGridCascaded2D.uasset" 81
"../../../Engine/Content/EditorMaterials/LevelGridMaterial2.uasset" 82
"../../../Engine/Content/EditorMaterials/MAT_Groups_Toggle.uasset" 83
"../../../Engine/Content/EditorMaterials/MAT_Groups_Visibility.uasset" 84
"../../../Engine/Content/EditorMaterials/AntialiasedGridFloor.uasset" 85
"../../../Engine/Content/EditorResources/TilePatine_D.uasset" 86
"../../../Engine/Content/EditorResources/TilePatine_N.uasset" 87
"../../../Engine/Content/EngineMaterials/Grid.uasset" 88
"../../../Engine/Content/EditorMaterials/PersonaFloorMat.uasset" 89
"../../../Engine/Content/EditorMaterials/PhAT_BoneSelectedMaterial.uasset" 90
"../../../Engine/Content/EditorMaterials/PhAT_ElemSelectedMaterial.uasset" 91
"../../../Engine/Content/EditorMaterials/PhAT_NoCollisionMaterial.uasset" 92
"../../../Engine/Content/EditorMaterials/PhAT_UnselectedMaterial.uasset" 93
"../../../Engine/Content/EditorMaterials/PreviewShadowIndicator.uasset" 94
"../../../Engine/Content/EditorMaterials/PreviewShadowIndicatorMaterial.uasset" 95
"../../../Engine/Content/EditorMaterials/TargetIcon.uasset" 96
"../../../Engine/Content/EditorMaterials/Tick.uasset" 97
"../../../Engine/Content/EditorMaterials/Tick_Mat.uasset" 98
"../../../Engine/Content/EditorMaterials/WidgetGridVertexColorMaterial.uasset" 99
"../../../Engine/Content/EditorMaterials/WidgetGridVertexColorMaterial_Ma.uasset" 100
"../../../Engine/Content/EditorMaterials/WidgetMaterial.uasset" 101
"../../../Engine/Content/EditorMaterials/WidgetMaterial_Current.uasset" 102
"../../../Engine/Content/EditorMaterials/WidgetMaterial_X.uasset" 103
"../../../Engine/Content/EditorMaterials/WidgetMaterial_Y.uasset" 104
"../../../Engine/Content/EditorMaterials/WidgetMaterial_Z.uasset" 105
"../../../Engine/Content/EditorMaterials/WidgetVertexColorMaterial.uasset" 106
"../../../Engine/Content/EditorMaterials/MatineeGroups/MAT_ColorTrack.uasset" 107
"../../../Engine/Content/EditorMaterials/MatineeGroups/MAT_Groups_Anim.uasset" 108
"../../../Engine/Content/EditorMaterials/MatineeGroups/MAT_Groups_AudioMaster.uasset" 109
"../../../Engine/Content/EditorMaterials/MatineeGroups/MAT_Groups_Director.uasset" 110
"../../../Engine/Content/EditorMaterials/MatineeGroups/MAT_Groups_Event.uasset" 111
"../../../Engine/Content/EditorMaterials/MatineeGroups/MAT_Groups_Fade.uasset" 112
"../../../Engine/Content/EditorMaterials/MatineeGroups/MAT_Groups_Float.uasset" 113
"../../../Engine/Content/EditorMaterials/MatineeGroups/MAT_Groups_Move.uasset" 114
"../../../Engine/Content/EditorMaterials/MatineeGroups/MAT_Groups_Slomo.uasset" 115
"../../../Engine/Content/EditorMaterials/MatineeGroups/MAT_Groups_Sound.uasset" 116
"../../../Engine/Content/EditorMaterials/MatineeGroups/MAT_Groups_Vector.uasset" 117
"../../../Engine/Content/EditorMaterials/ParticleSystems/PSysThumbnail_NoImage.uasset" 118
"../../../Engine/Content/EditorMaterials/ParticleSystems/PSysThumbnail_OOD.uasset" 119
"../../../Engine/Content/EditorMaterials/Thumbnails/FloorPlaneMaterial.uasset" 120
"../../../Engine/Content/EditorMeshes/EditorCube.uasset" 121
"../../../Engine/Content/EditorMeshes/EditorCylinder.uasset" 122
"../../../Engine/Content/EditorMeshes/EditorPlane.uasset" 123
"../../../Engine/Content/EditorMaterials/Thumbnails/SkySphereMaterial.uasset" 124
"../../../Engine/Content/EditorMeshes/EditorSkySphere.uasset" 125
"../../../Engine/Content/EditorMeshes/EditorSphere.uasset" 126
"../../../Engine/Content/EditorResources/MatineeCam_D.uasset" 127
"../../../Engine/Content/EditorMaterials/MatineeCam_mat.uasset" 128
"../../../Engine/Content/EditorMeshes/MatineeCam_SM.uasset" 129
"../../../Engine/Content/Functions/Engine_MaterialFunctions01/Shading/ConvertFromDiffSpec.uasset" 130
"../../../Engine/Content/EditorMaterials/GridMaterial.uasset" 131
"../../../Engine/Content/EditorMeshes/PhAT_FloorBox.uasset" 132
"../../../Engine/Content/EditorMeshes/PlanarReflectionPlane.uasset" 133
"../../../Engine/Content/EditorMaterials/Camera/CineMat.uasset" 134
"../../../Engine/Content/EditorMaterials/Camera/MI_CineMat_CameraBody.uasset" 135
"../../../Engine/Content/EngineDebugMaterials/M_SimpleOpaque.uasset" 136
"../../../Engine/Content/EditorMaterials/Camera/MI_CineMat_CamViewFinder.uasset" 137
"../../../Engine/Content/EditorMeshes/Camera/SM_CineCam.uasset" 138
"../../../Engine/Content/EditorMaterials/Camera/MI_CineMat_Rig.uasset" 139
"../../../Engine/Content/EditorMeshes/Camera/SM_CraneRig_Arm.uasset" 140
"../../../Engine/Content/EditorMeshes/Camera/SM_CraneRig_Base.uasset" 141
"../../../Engine/Content/EditorMeshes/Camera/SM_CraneRig_Body.uasset" 142
"../../../Engine/Content/EditorMeshes/Camera/SM_CraneRig_Mount.uasset" 143
"../../../Engine/Content/EditorMeshes/Camera/SM_RailRig_Mount.uasset" 144
"../../../Engine/Content/EditorMeshes/Camera/SM_RailRig_Track.uasset" 145
"../../../Engine/Content/EditorMeshes/ColorCalibrator/M_ChromeBall.uasset" 146
"../../../Engine/Content/EditorResources/Bad.uasset" 147
"../../../Engine/Content/EditorResources/BadBlueprintSprite.uasset" 148
"../../../Engine/Content/EditorResources/BSPVertex.uasset" 149
"../../../Engine/Content/EditorResources/EmptyActor.uasset" 150
"../../../Engine/Content/EditorResources/MatInstActSprite.uasset" 151
"../../../Engine/Content/EditorResources/SceneManager.uasset" 152
"../../../Engine/Content/EditorResources/SmallFont.uasset" 153
"../../../Engine/Content/EditorResources/S_Actor.uasset" 154
"../../../Engine/Content/EditorResources/S_DecalActorIcon.uasset" 155
"../../../Engine/Content/EditorResources/S_Emitter.uasset" 156
"../../../Engine/Content/EditorResources/S_ExpoHeightFog.uasset" 157
"../../../Engine/Content/EditorResources/S_FTest.uasset" 158
"../../../Engine/Content/EditorResources/S_KBSJoint.uasset" 159
"../../../Engine/Content/EditorResources/S_KHinge.uasset" 160
"../../../Engine/Content/EditorResources/S_KPrismatic.uasset" 161
"../../../Engine/Content/EditorResources/S_LevelSequence.uasset" 162
"../../../Engine/Content/EditorResources/S_NavP.uasset" 163
"../../../Engine/Content/EditorResources/S_Note.uasset" 164
"../../../Engine/Content/EditorResources/S_Player.uasset" 165
"../../../Engine/Content/EditorResources/S_PortalActorIcon2.uasset" 166
"../../../Engine/Content/EditorResources/S_RadForce.uasset" 167
"../../../Engine/Content/EditorResources/S_ReflActorIcon.uasset" 168
"../../../Engine/Content/EditorResources/S_Terrain.uasset" 169
"../../../Engine/Content/EditorResources/S_TextRenderActorIcon.uasset" 170
"../../../Engine/Content/EditorResources/S_Thruster.uasset" 171
"../../../Engine/Content/EditorResources/S_Trigger.uasset" 172
"../../../Engine/Content/EditorResources/S_VectorFieldVol.uasset" 173
"../../../Engine/Content/EditorResources/S_WindDirectional.uasset" 174
"../../../Engine/Content/EditorResources/AI/S_NavLink.uasset" 175
"../../../Engine/Content/EditorResources/AudioIcons/S_AudioComponent_AutoActivate.uasset" 176
"../../../Engine/Content/EditorResources/LightIcons/SkyLight.uasset" 177
"../../../Engine/Content/EditorResources/LightIcons/S_LightDirectional.uasset" 178
"../../../Engine/Content/EditorResources/LightIcons/S_LightDirectionalMove.uasset" 179
"../../../Engine/Content/EditorResources/LightIcons/S_LightError.uasset" 180
"../../../Engine/Content/EditorResources/LightIcons/S_LightPoint.uasset" 181
"../../../Engine/Content/EditorResources/LightIcons/S_LightPointMove.uasset" 182
"../../../Engine/Content/EditorResources/LightIcons/S_LightSpot.uasset" 183
"../../../Engine/Content/EditorResources/LightIcons/S_LightSpotMove.uasset" 184
"../../../Engine/Content/EditorResources/SequenceRecorder/Countdown.uasset" 185
"../../../Engine/Content/EditorResources/SequenceRecorder/RecordingIndicator.uasset" 186
"../../../Engine/Content/EditorResources/Spline/T_Loft_Spline.uasset" 187
"../../../Engine/Content/EditorSounds/Notifications/CompileFailed.uasset" 188
"../../../Engine/Content/EditorSounds/Notifications/CompileFailed_Cue.uasset" 189
"../../../Engine/Content/EditorSounds/Notifications/CompileSuccess.uasset" 190
"../../../Engine/Content/EditorSounds/Notifications/CompileStart_Cue.uasset" 191
"../../../Engine/Content/EditorSounds/Notifications/CompileSuccess_Cue.uasset" 192
"../../../Engine/Content/EngineDamageTypes/DmgTypeBP_Environmental.uasset" 193
"../../../Engine/Content/EngineDebugMaterials/HeatmapGradient.uasset" 194
"../../../Engine/Content/EngineDebugMaterials/BoneWeightMaterial.uasset" 195
"../../../Engine/Content/EngineDebugMaterials/ClothMaterial.uasset" 196
"../../../Engine/Content/EngineDebugMaterials/ClothMaterial_WF.uasset" 197
"../../../Engine/Content/EngineDebugMaterials/DebugEditorMaterial.uasset" 198
"../../../Engine/Content/EngineDebugMaterials/DebugMeshMaterial.uasset" 199
"../../../Engine/Content/EngineDebugMaterials/GeomMaterial.uasset" 200
"../../../Engine/Content/EngineDebugMaterials/LevelColorationLitMaterial.uasset" 201
"../../../Engine/Content/EngineDebugMaterials/LevelColorationUnlitMaterial.uasset" 202
"../../../Engine/Content/EngineMaterials/DefaultWhiteGrid.uasset" 203
"../../../Engine/Content/EngineDebugMaterials/MAT_LevelColorationLitLightmapUV.uasset" 204
"../../../Engine/Content/EngineDebugMaterials/M_SimpleTranslucent.uasset" 205
"../../../Engine/Content/EngineDebugMaterials/ShadedLevelColorationLitMaterial.uasset" 206
"../../../Engine/Content/EngineDebugMaterials/ShadedLevelColorationUnlitMateri.uasset" 207
"../../../Engine/Content/EngineDebugMaterials/VertexColorMaterial.uasset" 208
"../../../Engine/Content/EngineDebugMaterials/VertexColorViewMode_AlphaAsColor.uasset" 209
"../../../Engine/Content/EngineDebugMaterials/VertexColorViewMode_BlueOnly.uasset" 210
"../../../Engine/Content/EngineDebugMaterials/VertexColorViewMode_ColorOnly.uasset" 211
"../../../Engine/Content/EngineDebugMaterials/VertexColorViewMode_GreenOnly.uasset" 212
"../../../Engine/Content/EngineDebugMaterials/VertexColorViewMode_RedOnly.uasset" 213
"../../../Engine/Content/EngineDebugMaterials/WireframeMaterial.uasset" 214
"../../../Engine/Content/EngineFonts/Faces/RobotoBold.uasset" 215
"../../../Engine/Content/EngineFonts/Faces/RobotoBoldItalic.uasset" 216
"../../../Engine/Content/EngineFonts/Faces/RobotoItalic.uasset" 217
"../../../Engine/Content/EngineFonts/Faces/RobotoLight.uasset" 218
"../../../Engine/Content/EngineFonts/Faces/RobotoRegular.uasset" 219
"../../../Engine/Content/EngineFonts/Roboto.uasset" 220
"../../../Engine/Content/EngineFonts/Faces/RobotoTiny.uasset" 221
"../../../Engine/Content/EngineFonts/RobotoTiny.uasset" 222
"../../../Engine/Content/EngineFonts/SmallFont.uasset" 223
"../../../Engine/Content/EngineFonts/TinyFont.uasset" 224
"../../../Engine/Content/EngineMaterials/BaseFlattenDiffuseMap.uasset" 225
"../../../Engine/Content/EngineMaterials/BaseFlattenEmissiveMap.uasset" 226
"../../../Engine/Content/EngineMaterials/BaseFlattenGrayscaleMap.uasset" 227
"../../../Engine/Content/EngineMaterials/BaseFlattenNormalMap.uasset" 228
"../../../Engine/Content/EngineMaterials/BaseFlattenMaterial.uasset" 229
"../../../Engine/Content/EngineResources/WhiteSquareTexture.uasset" 230
"../../../Engine/Content/EngineMaterials/BlinkingCaret.uasset" 231
"../../../Engine/Content/EngineMaterials/DefaultBloomKernel.uasset" 232
"../../../Engine/Content/EngineMaterials/DefaultBokeh.uasset" 233
"../../../Engine/Content/EngineMaterials/DefaultDiffuse.uasset" 234
"../../../Engine/Content/EngineMaterials/DefaultDeferredDecalMaterial.uasset" 235
"../../../Engine/Content/EngineMaterials/DefaultLightFunctionMaterial.uasset" 236
"../../../Engine/Content/EngineMaterials/DefaultNormal.uasset" 237
"../../../Engine/Content/EngineMaterials/DefaultPostProcessMaterial.uasset" 238
"../../../Engine/Content/EngineFonts/RobotoDistanceField.uasset" 239
"../../../Engine/Content/EngineMaterials/DefaultTextMaterialOpaque.uasset" 240
"../../../Engine/Content/EngineMaterials/EditorBrushMaterial.uasset" 241
"../../../Engine/Content/EngineMaterials/Good64x64TilingNoiseHighFreq.uasset" 242
"../../../Engine/Content/EngineMaterials/Grid_N.uasset" 243
"../../../Engine/Content/EngineMaterials/HighResolutionScreenshotMaskFunction.uasset" 244
"../../../Engine/Content/EngineMaterials/HighResScreenshot.uasset" 245
"../../../Engine/Content/EngineMaterials/HighResScreenshotCaptureRegion.uasset" 246
"../../../Engine/Content/EngineMaterials/HighResScreenshotMask.uasset" 247
"../../../Engine/Content/EngineMaterials/LandscapeHolePhysicalMaterial.uasset" 248
"../../../Engine/Content/EngineMaterials/InvalidLightmapSettings.uasset" 249
"../../../Engine/Content/EngineMaterials/M_InvalidLightmapSettings.uasset" 250
"../../../Engine/Content/EngineMaterials/PaperDiffuse.uasset" 251
"../../../Engine/Content/EngineMaterials/PaperNormal.uasset" 252
"../../../Engine/Content/Functions/Engine_MaterialFunctions02/WorldPositionOffset/CameraOffset.uasset" 253
"../../../Engine/Content/EngineMaterials/PhAT_JointLimitMaterial.uasset" 254
"../../../Engine/Content/EngineMaterials/PhysMat_Rubber.uasset" 255
"../../../Engine/Content/EngineMaterials/PreintegratedSkinBRDF.uasset" 256
"../../../Engine/Content/EngineMaterials/RemoveSurfaceMaterial.uasset" 257
"../../../Engine/Content/EngineMaterials/WeightMapPlaceholderTexture.uasset" 258
"../../../Engine/Content/EngineMaterials/Widget3DPassThrough.uasset" 259
"../../../Engine/Content/EngineMaterials/Widget3DPassThrough_Masked.uasset" 260
"../../../Engine/Content/EngineMaterials/Widget3DPassThrough_Opaque.uasset" 261
"../../../Engine/Content/EngineMaterials/Widget3DPassThrough_Masked_OneSided.uasset" 262
"../../../Engine/Content/EngineMaterials/Widget3DPassThrough_Opaque_OneSided.uasset" 263
"../../../Engine/Content/EngineMaterials/Widget3DPassThrough_Translucent.uasset" 264
"../../../Engine/Content/EngineMaterials/Widget3DPassThrough_Translucent_OneSided.uasset" 265
"../../../Engine/Content/EngineMeshes/Cylinder.uasset" 266
"../../../Engine/Content/EngineMeshes/Sphere.uasset" 267
"../../../Engine/Content/EngineResources/Black.uasset" 268
"../../../Engine/Content/EngineResources/DefaultTexture.uasset" 269
"../../../Engine/Content/EngineResources/DefaultTextureCube.uasset" 270
"../../../Engine/Content/EngineResources/DefaultVolumeTexture2D.uasset" 271
"../../../Engine/Content/EngineResources/DefaultVolumeTexture.uasset" 272
"../../../Engine/Content/EngineResources/GradientTexture0.uasset" 273
"../../../Engine/Content/EngineResources/StreamingPauseIcon.uasset" 274
"../../../Engine/Content/EngineResources/M_StreamingPause.uasset" 275
"../../../Engine/Content/EngineSounds/Master.uasset" 276
"../../../Engine/Content/Functions/Engine_MaterialFunctions01/Shading/PowerToRoughness.uasset" 277
"../../../Engine/Content/Maps/Templates/Thumbnails/Default.uasset" 278
"../../../Engine/Content/Maps/Templates/Thumbnails/VR-Basic.uasset" 279
"../../../Engine/Content/MapTemplates/Sky/DaylightAmbientCubemap.uasset" 280
"../../../Engine/Content/MobileResources/T_MobileControls_texture.uasset" 281
"../../../Engine/Content/MobileResources/T_MobileMenu2.uasset" 282
"../../../Engine/Content/MobileResources/HUD/AnalogHat.uasset" 283
"../../../Engine/Content/MobileResources/HUD/VirtualJoystick_Background.uasset" 284
"../../../Engine/Content/MobileResources/HUD/VirtualJoystick_Thumb.uasset" 285
"../../../Engine/Content/MobileResources/HUD/DefaultVirtualJoysticks.uasset" 286
"../../../Engine/Content/MobileResources/HUD/LeftVirtualJoystickOnly.uasset" 287
"../../../Engine/Content/MobileResources/HUD/MobileHUDButton1_off.uasset" 288
"../../../Engine/Content/MobileResources/HUD/MobileHUDButton1_on.uasset" 289
"../../../Engine/Content/MobileResources/HUD/MobileHUDButton2_off.uasset" 290
"../../../Engine/Content/MobileResources/HUD/MobileHUDButton2_on.uasset" 291
"../../../Engine/Content/MobileResources/HUD/MobileHUDButton3.uasset" 292
"../../../Engine/Content/MobileResources/HUD/MobileHUDButtonFire.uasset" 293
"../../../Engine/Content/MobileResources/HUD/MobileHUDDirectionPad.uasset" 294
"../../../Engine/Content/MobileResources/HUD/MobileHUDDirectionPad2.uasset" 295
"../../../Engine/Content/MobileResources/HUD/MobileHUDDirectionPad3.uasset" 296
"../../../Engine/Content/MobileResources/HUD/MobileHUDDirectionStick.uasset" 297
"../../../Engine/Content/MobileResources/HUD/T_Castle_ThumbstickInner.uasset" 298
"../../../Engine/Content/MobileResources/HUD/T_Castle_ThumbstickOutter.uasset" 299
"../../../Engine/Content/Tutorial/ContentIntroCurve.uasset" 300
"../../../Engine/Content/Tutorial/Basics/LevelEditorAttract.uasset" 301
"../../../Engine/Content/Tutorial/Basics/TutorialAssets/icon_tab_Levels_40x.uasset" 302
"../../../Engine/Content/Tutorial/Basics/LevelEditorOverview.uasset" 303
"../../../Engine/Content/Tutorial/BlueprintTutorials/TutorialAssets/Blueprint_64x.uasset" 304
"../../../Engine/Content/Tutorial/BlueprintTutorials/BlueprintEditorTutorial.uasset" 305
"../../../Engine/Content/Tutorial/BlueprintTutorials/TutorialAssets/Tutorial_BP_MacroLib.uasset" 306
"../../../Engine/Content/Tutorial/Installation/InstallingVisualStudioTutorial.uasset" 307
"../../../Engine/Content/VREditor/LaserPointer/VR_LaserPower_01.uasset" 308
"../../../Engine/Content/VREditor/TransformGizmo/TransformGizmoMaterial.uasset" 309
"../../../Engine/Content/VREditor/TransformGizmo/TranslucentTransformGizmoMaterial.uasset" 310
"../../../Engine/Content/VREditor/TransformGizmo/BoundingBoxCorner.uasset" 311
"../../../Engine/Content/VREditor/TransformGizmo/BoundingBoxEdge.uasset" 312
"../../../Engine/Content/VREditor/TransformGizmo/PlaneTranslationHandle.uasset" 313
"../../../Engine/Content/VREditor/TransformGizmo/Main.uasset" 314
"../../../Engine/Content/VREditor/TransformGizmo/Xray.uasset" 315
"../../../Engine/Content/VREditor/TransformGizmo/SM_Sequencer_Key.uasset" 316
"../../../Engine/Content/VREditor/TransformGizmo/SM_Sequencer_Node.uasset" 317
"../../../../../../Users/jules/Documents/Unreal Projects/Gravity/Content/Fonts/Soviet23Di.uasset" 318
"../../../../../../Users/jules/Documents/Unreal Projects/Gravity/Content/Fonts/Soviet23Di_Font.uasset" 319
"../../../../../../Users/jules/Documents/Unreal Projects/Gravity/Content/Fonts/Soviet2bei.uasset" 320
"../../../../../../Users/jules/Documents/Unreal Projects/Gravity/Content/Fonts/Soviet2bei_Font.uasset" 321
"../../../../../../Users/jules/Documents/Unreal Projects/Gravity/Content/Fonts/Soviet2be.uasset" 322
"../../../../../../Users/jules/Documents/Unreal Projects/Gravity/Content/Fonts/Soviet2be_Font.uasset" 323
"../../../../../../Users/jules/Documents/Unreal Projects/Gravity/Content/Fonts/Soviet2b.uasset" 324
"../../../../../../Users/jules/Documents/Unreal Projects/Gravity/Content/Fonts/Soviet2b_Font.uasset" 325
"../../../../../../Users/jules/Documents/Unreal Projects/Gravity/Content/Fonts/Soviet2e3Di.uasset" 326
"../../../../../../Users/jules/Documents/Unreal Projects/Gravity/Content/Fonts/Soviet2e3Di_Font.uasset" 327
"../../../../../../Users/jules/Documents/Unreal Projects/Gravity/Content/Fonts/Soviet2e3D.uasset" 328
"../../../../../../Users/jules/Documents/Unreal Projects/Gravity/Content/Fonts/Soviet2e3D_Font.uasset" 329
"../../../../../../Users/jules/Documents/Unreal Projects/Gravity/Content/Fonts/Soviet2eei.uasset" 330
"../../../../../../Users/jules/Documents/Unreal Projects/Gravity/Content/Fonts/Soviet2eei_Font.uasset" 331
"../../../../../../Users/jules/Documents/Unreal Projects/Gravity/Content/Fonts/Soviet2ee.uasset" 332
"../../../../../../Users/jules/Documents/Unreal Projects/Gravity/Content/Fonts/Soviet2ee_Font.uasset" 333
"../../../../../../Users/jules/Documents/Unreal Projects/Gravity/Content/Fonts/Soviet2ei.uasset" 334
"../../../../../../Users/jules/Documents/Unreal Projects/Gravity/Content/Fonts/Soviet2ei_Font.uasset" 335
"../../../../../../Users/jules/Documents/Unreal Projects/Gravity/Content/Fonts/Soviet2e.uasset" 336
"../../../../../../Users/jules/Documents/Unreal Projects/Gravity/Content/Fonts/Soviet2e_Font.uasset" 337
"../../../../../../Users/jules/Documents/Unreal Projects/Gravity/Content/Fonts/Soviet2i.uasset" 338
"../../../../../../Users/jules/Documents/Unreal Projects/Gravity/Content/Fonts/Soviet2i_Font.uasset" 339
"../../../../../../Users/jules/Documents/Unreal Projects/Gravity/Content/Fonts/Soviet2p.uasset" 340
"../../../../../../Users/jules/Documents/Unreal Projects/Gravity/Content/Fonts/Soviet2p_Font.uasset" 341
"../../../../../../Users/jules/Documents/Unreal Projects/Gravity/Content/Muzzles/DemoRoom/Blueprints/BP_DemoDisplay_Enum.uasset" 342
"../../../../../../Users/jules/Documents/Unreal Projects/Gravity/Content/Muzzles/DemoRoom/Blueprints/BP_DemoRoom_Enum.uasset" 343
"../../../../../../Users/jules/Documents/Unreal Projects/Gravity/Content/StarterContent/Audio/Starter_Birds01.uasset" 344
"../../../../../../Users/jules/Documents/Unreal Projects/Gravity/Content/StarterContent/Audio/Starter_Wind05.uasset" 345
"../../../../../../Users/jules/Documents/Unreal Projects/Gravity/Content/StarterContent/Audio/Starter_Wind06.uasset" 346
"../../../../../../Users/jules/Documents/Unreal Projects/Gravity/Content/UI/BeginTutorialPressed.uasset" 347
"../../../../../../Users/jules/Documents/Unreal Projects/Gravity/Content/UI/QuitToWindowsPressed.uasset" 348
"../../../../../../Users/jules/Documents/Unreal Projects/Gravity/Content/UI/ResetPressed.uasset" 349
"../../../../../../Users/jules/Documents/Unreal Projects/Gravity/Content/UI/ResumeGamePressed.uasset" 350
"../../Plugins/2D/Paper2D/Content/PlaceholderTextures/DummySpriteTexture.uasset" 351
"../../Plugins/2D/Paper2D/Content/DummySprite.uasset" 352
"../../Plugins/2D/Paper2D/Content/DefaultPaperTerrainMaterial.uasset" 353
"../../Plugins/2D/Paper2D/Content/DefaultSpriteMaterial.uasset" 354
"../../Plugins/2D/Paper2D/Content/MaskedUnlitSpriteMaterial.uasset" 355
"../../Plugins/2D/Paper2D/Content/OpaqueUnlitSpriteMaterial.uasset" 356
"../../Plugins/Enterprise/DatasmithContent/Content/Blueprints/FBXImporter/ArrayOfActor.uasset" 357
"../../Plugins/Enterprise/DatasmithContent/Content/Blueprints/FBXImporter/ArrayOfSwitch.uasset" 358
"../../Plugins/Enterprise/DatasmithContent/Content/Blueprints/FBXImporter/BP_SceneNode.uasset" 359
"../../Plugins/Enterprise/DatasmithContent/Content/Blueprints/FBXImporter/BP_Switch.uasset" 360
"../../Plugins/Enterprise/DatasmithContent/Content/Blueprints/FBXImporter/BP_SceneRoot.uasset" 361
"../../Plugins/Enterprise/DatasmithContent/Content/Blueprints/FBXImporter/FBXImporterUtils.uasset" 362
"../../Plugins/Enterprise/DatasmithContent/Content/Blueprints/FBXImporter/Animation/DeltaGenAnimationTrackType.uasset" 363
"../../Plugins/Enterprise/DatasmithContent/Content/Blueprints/FBXImporter/Animation/VREDAnimationTrackComponent.uasset" 364
"../../Plugins/Enterprise/DatasmithContent/Content/Blueprints/FBXImporter/Animation/VREDAnimationTrackType.uasset" 365
"../../Plugins/Enterprise/DatasmithContent/Content/Blueprints/FBXImporter/Animation/VREDAnimCurveComponent.uasset" 366
"../../Plugins/Enterprise/DatasmithContent/Content/Blueprints/FBXImporter/Animation/VREDAnimCurveType.uasset" 367
"../../Plugins/Enterprise/DatasmithContent/Content/Blueprints/FBXImporter/Variants/VariantSwitchType.uasset" 368
"../../Plugins/Enterprise/DatasmithContent/Content/Blueprints/FBXImporter/Variants/VREDVariantSwitchType.uasset" 369
"../../Plugins/Enterprise/DatasmithContent/Content/Blueprints/FBXImporter/Variants/VREDVariantType.uasset" 370
"../../Plugins/Runtime/Oculus/OculusVR/Content/OculusMR_RenderTarget.uasset" 371
"../../../Engine/Content/Functions/Engine_MaterialFunctions02/Utility/BreakOutFloat4Components.uasset" 372
"../../Plugins/Runtime/Oculus/OculusVR/Content/Materials/OculusMR_ChromaKey.uasset" 373
"../../Plugins/Runtime/Oculus/OculusVR/Content/Materials/OculusMR_ChromaKey_Lit.uasset" 374
"../../Plugins/Runtime/Oculus/OculusVR/Content/Materials/OculusMR_OpaqueColoredMaterial.uasset" 375
"../../Plugins/Runtime/Oculus/OculusVR/Content/Materials/OculusMR_WhiteMaterial.uasset" 376
"../../Plugins/Runtime/Oculus/OculusVR/Content/Materials/PokeAHoleMaterial.uasset" 377
"../../Plugins/Runtime/Oculus/OculusVR/Content/Textures/GearVRController_AO.uasset" 378
"../../Plugins/Runtime/Oculus/OculusVR/Content/Textures/GearVRController_Color.uasset" 379
"../../Plugins/Runtime/Oculus/OculusVR/Content/Textures/GearVRController_Normal.uasset" 380
"../../Plugins/Runtime/Oculus/OculusVR/Content/Materials/GearVRControllerMaterial.uasset" 381
"../../Plugins/Runtime/Oculus/OculusVR/Content/Meshes/GearVrController.uasset" 382
"../../Plugins/Runtime/Oculus/OculusVR/Content/Textures/touchController_albedo.uasset" 383
"../../Plugins/Runtime/Oculus/OculusVR/Content/Textures/touchController_controlmap.uasset" 384
"../../Plugins/Runtime/Oculus/OculusVR/Content/Materials/touchController_mat.uasset" 385
"../../Plugins/Runtime/Oculus/OculusVR/Content/Meshes/LeftTouchController.uasset" 386
"../../Plugins/Runtime/Oculus/OculusVR/Content/Meshes/RiftHMD.uasset" 387
"../../Plugins/Runtime/Oculus/OculusVR/Content/Meshes/RightTouchController.uasset" 388
"../../../Engine/Content/Maps/Entry_BuiltData.uasset" 389
"../../../Engine/Content/Maps/Entry.umap" 390
"../../../Engine/Content/EngineSky/C_Sky_Cloud_Color.uasset" 391
"../../../Engine/Content/EngineSky/C_Sky_Horizon_Color.uasset" 392
"../../../Engine/Content/EngineSky/C_Sky_Zenith_Color.uasset" 393
"../../../Engine/Content/EngineSky/T_Sky_Blue.uasset" 394
"../../../Engine/Content/EngineSky/T_Sky_Clouds_M.uasset" 395
"../../../Engine/Content/EngineSky/T_Sky_Stars.uasset" 396
"../../../Engine/Content/EngineSky/M_Sky_Panning_Clouds2.uasset" 397
"../../../Engine/Content/EngineSky/SM_SkySphere.uasset" 398
"../../../Engine/Content/EngineSky/BP_Sky_Sphere.uasset" 399
"../../../../../../Users/jules/Documents/Unreal Projects/Gravity/Content/AK47SaveGame.uasset" 400
"../../../../../../Users/jules/Documents/Unreal Projects/Gravity/Content/Ordnance/AK47S.uasset" 401
"../../../../../../Users/jules/Documents/Unreal Projects/Gravity/Content/Ordnance/AK47ABP.uasset" 402
"../../../../../../Users/jules/Documents/Unreal Projects/Gravity/Content/FPS_Weapon_Bundle/Weapons/Textures/KA74U/T_KA74U_ALB.uasset" 403
"../../../../../../Users/jules/Documents/Unreal Projects/Gravity/Content/FPS_Weapon_Bundle/Weapons/Textures/KA74U/T_KA74U_M_MSK.uasset" 404
"../../../../../../Users/jules/Documents/Unreal Projects/Gravity/Content/FPS_Weapon_Bundle/Weapons/Textures/KA74U/T_KA74U_NRM.uasset" 405
"../../../../../../Users/jules/Documents/Unreal Projects/Gravity/Content/FPS_Weapon_Bundle/Weapons/Textures/Patterns/T_Stripes__Pattern.uasset" 406
"../../../../../../Users/jules/Documents/Unreal Projects/Gravity/Content/FPS_Weapon_Bundle/Weapons/Materials/Master_Material/AK47Matt.uasset" 407
"../../../../../../Users/jules/Documents/Unreal Projects/Gravity/Content/FPS_Weapon_Bundle/Weapons/Textures/KA47/T_KA47_Gold_ALB.uasset" 408
"../../../../../../Users/jules/Documents/Unreal Projects/Gravity/Content/FPS_Weapon_Bundle/Weapons/Textures/KA47/T_KA47_Gold_M_MSK.uasset" 409
"../../../../../../Users/jules/Documents/Unreal Projects/Gravity/Content/FPS_Weapon_Bundle/Weapons/Textures/KA47/T_KA47_NRM.uasset" 410
"../../../../../../Users/jules/Documents/Unreal Projects/Gravity/Content/FPS_Weapon_Bundle/Weapons/Materials/Ka47/AK47CapitalistMat.uasset" 411
"../../../../../../Users/jules/Documents/Unreal Projects/Gravity/Content/FPS_Weapon_Bundle/Weapons/Textures/KA47/T_KA47_ALB.uasset" 412
"../../../../../../Users/jules/Documents/Unreal Projects/Gravity/Content/FPS_Weapon_Bundle/Weapons/Textures/KA47/T_KA47_M_MSK.uasset" 413
"../../../../../../Users/jules/Documents/Unreal Projects/Gravity/Content/FPS_Weapon_Bundle/Weapons/Materials/Ka47/AK47DefaultMat.uasset" 414
"../../../../../../Users/jules/Documents/Unreal Projects/Gravity/Content/FPS_Weapon_Bundle/Weapons/Materials/Ka47/Ak47HazardMat.uasset" 415
"../../../../../../Users/jules/Documents/Unreal Projects/Gravity/Content/Ordnance/Default.uasset" 416
"../../../../../../Users/jules/Documents/Unreal Projects/Gravity/Content/Ordnance/DefaultMI.uasset" 417
"../../../../../../Users/jules/Documents/Unreal Projects/Gravity/Content/WireFrameM.uasset" 418
"../../../../../../Users/jules/Documents/Unreal Projects/Gravity/Content/TronGreenMI.uasset" 419
"../../../../../../Users/jules/Documents/Unreal Projects/Gravity/Content/Ordnance/BulletM.uasset" 420
"../../../../../../Users/jules/Documents/Unreal Projects/Gravity/Content/Ordnance/CasingM.uasset" 421
"../../../../../../Users/jules/Documents/Unreal Projects/Gravity/Content/Ordnance/MagazineM.uasset" 422
"../../../../../../Users/jules/Documents/Unreal Projects/Gravity/Content/SFX/Maps/SFX/MagDrop01.uasset" 423
"../../../../../../Users/jules/Documents/Unreal Projects/Gravity/Content/SFX/Maps/SFX/MagDrop02.uasset" 424
"../../../../../../Users/jules/Documents/Unreal Projects/Gravity/Content/SFX/Maps/SFX/MagDrop03.uasset" 425
"../../../../../../Users/jules/Documents/Unreal Projects/Gravity/Content/SFX/Maps/SFX/MagDrop04.uasset" 426
"../../../../../../Users/jules/Documents/Unreal Projects/Gravity/Content/SFX/Maps/SFX/MagDrop05.uasset" 427
"../../../../../../Users/jules/Documents/Unreal Projects/Gravity/Content/SFX/Maps/SFX/MagDrop06.uasset" 428
"../../../../../../Users/jules/Documents/Unreal Projects/Gravity/Content/Ordnance/MagazineBP.uasset" 429
"../../../../../../Users/jules/Documents/Unreal Projects/Gravity/Content/Ordnance/Helpers.uasset" 430
"../../../../../../Users/jules/Documents/Unreal Projects/Gravity/Content/FPS_Weapon_Bundle/Weapons/Textures/Ammunition/T_762x39_ALB.uasset" 431
"../../../../../../Users/jules/Documents/Unreal Projects/Gravity/Content/FPS_Weapon_Bundle/Weapons/Textures/Ammunition/T_762x39_M_MSK.uasset" 432
"../../../../../../Users/jules/Documents/Unreal Projects/Gravity/Content/FPS_Weapon_Bundle/Weapons/Textures/Ammunition/T_762x39_NRM.uasset" 433
"../../../../../../Users/jules/Documents/Unreal Projects/Gravity/Content/FPS_Weapon_Bundle/Weapons/Materials/Ammunition/BulletMat.uasset" 434
"../../../../../../Users/jules/Documents/Unreal Projects/Gravity/Content/TronRedMI.uasset" 435
"../../../../../../Users/jules/Documents/Unreal Projects/Gravity/Content/Ordnance/BulletBP.uasset" 436
"../../../../../../Users/jules/Documents/Unreal Projects/Gravity/Content/StarterContent/Textures/T_MacroVariation.uasset" 437
"../../../../../../Users/jules/Documents/Unreal Projects/Gravity/Content/StarterContent/Textures/T_Metal_Gold_D.uasset" 438
"../../../../../../Users/jules/Documents/Unreal Projects/Gravity/Content/StarterContent/Textures/T_Metal_Gold_N.uasset" 439
"../../../../../../Users/jules/Documents/Unreal Projects/Gravity/Content/StarterContent/Materials/M_Metal_Gold.uasset" 440
"../../../../../../Users/jules/Documents/Unreal Projects/Gravity/Content/TronTurquoiseMI.uasset" 441
"../../../../../../Users/jules/Documents/Unreal Projects/Gravity/Content/SFX/Maps/SFX/CasingDrop03.uasset" 442
"../../../../../../Users/jules/Documents/Unreal Projects/Gravity/Content/SFX/Maps/SFX/CasingDrop11.uasset" 443
"../../../../../../Users/jules/Documents/Unreal Projects/Gravity/Content/SFX/Maps/SFX/Fire01.uasset" 444
"../../../../../../Users/jules/Documents/Unreal Projects/Gravity/Content/Ordnance/CasingBP.uasset" 445
"../../../../../../Users/jules/Documents/Unreal Projects/Gravity/Content/LinearC.uasset" 446
"../../../../../../Users/jules/Documents/Unreal Projects/Gravity/Content/TronPinkMI.uasset" 447
"../../../../../../Users/jules/Documents/Unreal Projects/Gravity/Content/Muzzles/Textures/singles2.uasset" 448
"../../../../../../Users/jules/Documents/Unreal Projects/Gravity/Content/Muzzles/Materials/M_FlashSet2.uasset" 449
"../../../../../../Users/jules/Documents/Unreal Projects/Gravity/Content/Muzzles/Textures/T_Clouds_01.uasset" 450
"../../../../../../Users/jules/Documents/Unreal Projects/Gravity/Content/Muzzles/Textures/T_SmokeBall_01_8_8.uasset" 451
"../../../../../../Users/jules/Documents/Unreal Projects/Gravity/Content/Muzzles/Materials/M_ImpactSmoke.uasset" 452
"../../../../../../Users/jules/Documents/Unreal Projects/Gravity/Content/Muzzles/Textures/T_Lensflare_01.uasset" 453
"../../../../../../Users/jules/Documents/Unreal Projects/Gravity/Content/Muzzles/Materials/M_Lensflare_01.uasset" 454
"../../../Engine/Content/Functions/Engine_MaterialFunctions01/Gradient/LinearGradient.uasset" 455
"../../../../../../Users/jules/Documents/Unreal Projects/Gravity/Content/Muzzles/Textures/T_SquareMaskTightEdge.uasset" 456
"../../../../../../Users/jules/Documents/Unreal Projects/Gravity/Content/Muzzles/Textures/T_TileNoise.uasset" 457
"../../../../../../Users/jules/Documents/Unreal Projects/Gravity/Content/Muzzles/Materials/M_MuzzleGlow.uasset" 458
"../../../../../../Users/jules/Documents/Unreal Projects/Gravity/Content/Muzzles/Materials/M_SmokeBall.uasset" 459
"../../../Engine/Content/Functions/Engine_MaterialFunctions01/Gradient/RadialGradient.uasset" 460
"../../../../../../Users/jules/Documents/Unreal Projects/Gravity/Content/Muzzles/Materials/M_SoftGradient_Muzzle.uasset" 461
"../../../../../../Users/jules/Documents/Unreal Projects/Gravity/Content/Muzzles/Textures/T_Water_N.uasset" 462
"../../../../../../Users/jules/Documents/Unreal Projects/Gravity/Content/Muzzles/Materials/M_Heat_Distortion.uasset" 463
"../../../../../../Users/jules/Documents/Unreal Projects/Gravity/Content/Muzzles/Materials/M_Heat_Distortion_Inst.uasset" 464
"../../../../../../Users/jules/Documents/Unreal Projects/Gravity/Content/Muzzles/Meshes/SM_MuzzleCone.uasset" 465
"../../../../../../Users/jules/Documents/Unreal Projects/Gravity/Content/Muzzles/Particles/P_MuzzleFlash51.uasset" 466
"../../../../../../Users/jules/Documents/Unreal Projects/Gravity/Content/Ordnance/AK47PA.uasset" 467
"../../../../../../Users/jules/Documents/Unreal Projects/Gravity/Content/Ordnance/AK47SM.uasset" 468
"../../../../../../Users/jules/Documents/Unreal Projects/Gravity/Content/SFX/Maps/SFX/Dryfire.uasset" 469
"../../../../../../Users/jules/Documents/Unreal Projects/Gravity/Content/SFX/Maps/SFX/Reload.uasset" 470
"../../../../../../Users/jules/Documents/Unreal Projects/Gravity/Content/SFX/Maps/SFX/SafteyFire.uasset" 471
"../../../../../../Users/jules/Documents/Unreal Projects/Gravity/Content/SFX/Maps/SFX/SelectorChange.uasset" 472
"../../../../../../Users/jules/Documents/Unreal Projects/Gravity/Content/Ordnance/AK47BP.uasset" 473
"../../../../../../Users/jules/Documents/Unreal Projects/Gravity/Content/Prompt.uasset" 474
"../../../../../../Users/jules/Documents/Unreal Projects/Gravity/Content/View.uasset" 475
"../../../../../../Users/jules/Documents/Unreal Projects/Gravity/Content/Fonts/BebasNeue.uasset" 476
"../../../../../../Users/jules/Documents/Unreal Projects/Gravity/Content/Fonts/BebasNeue_Font.uasset" 477
"../../../../../../Users/jules/Documents/Unreal Projects/Gravity/Content/Fonts/Soviet23D.uasset" 478
"../../../../../../Users/jules/Documents/Unreal Projects/Gravity/Content/Fonts/Soviet23D_Font.uasset" 479
"../../../../../../Users/jules/Documents/Unreal Projects/Gravity/Content/Fonts/Soviet2.uasset" 480
"../../../../../../Users/jules/Documents/Unreal Projects/Gravity/Content/Fonts/Soviet2_Font.uasset" 481
"../../../../../../Users/jules/Documents/Unreal Projects/Gravity/Content/Fonts/Soviet2bi.uasset" 482
"../../../../../../Users/jules/Documents/Unreal Projects/Gravity/Content/Fonts/Soviet2bi_Font.uasset" 483
"../../../../../../Users/jules/Documents/Unreal Projects/Gravity/Content/UI/BeginTutorialHover.uasset" 484
"../../../../../../Users/jules/Documents/Unreal Projects/Gravity/Content/UI/begintutorialNormal.uasset" 485
"../../../../../../Users/jules/Documents/Unreal Projects/Gravity/Content/UI/controls.uasset" 486
"../../../../../../Users/jules/Documents/Unreal Projects/Gravity/Content/UI/QuitToWindowsHover.uasset" 487
"../../../../../../Users/jules/Documents/Unreal Projects/Gravity/Content/UI/QuitToWindowsNormal.uasset" 488
"../../../../../../Users/jules/Documents/Unreal Projects/Gravity/Content/UI/ResetHover.uasset" 489
"../../../../../../Users/jules/Documents/Unreal Projects/Gravity/Content/UI/ResetNormal.uasset" 490
"../../../../../../Users/jules/Documents/Unreal Projects/Gravity/Content/UI/ResumeGameNormal.uasset" 491
"../../../../../../Users/jules/Documents/Unreal Projects/Gravity/Content/UI/ResumeHover.uasset" 492
"../../../../../../Users/jules/Documents/Unreal Projects/Gravity/Content/Ordnance/AK47HUD.uasset" 493
"../../../../../../Users/jules/Documents/Unreal Projects/Gravity/Content/AK47Camera.uasset" 494
"../../../../../../Users/jules/Documents/Unreal Projects/Gravity/Content/AK47Controller.uasset" 495
"../../../../../../Users/jules/Documents/Unreal Projects/Gravity/Content/AK47GameMode.uasset" 496
"../../../../../../Users/jules/Documents/Unreal Projects/Gravity/Content/StarterContent/Maps/Minimal_Default_BuiltData.uasset" 497
"../../../../../../Users/jules/Documents/Unreal Projects/Gravity/Content/StarterContent/Props/Materials/IvoryM.uasset" 498
"../../../../../../Users/jules/Documents/Unreal Projects/Gravity/Content/Ordnance/cathedral.uasset" 499
"../../../../../../Users/jules/Documents/Unreal Projects/Gravity/Content/StarterContent/Materials/M_Basic_Floor.uasset" 500
"../../../../../../Users/jules/Documents/Unreal Projects/Gravity/Content/StarterContent/Architecture/Floor_400x400.uasset" 501
"../../../../../../Users/jules/Documents/Unreal Projects/Gravity/Content/StarterContent/Audio/Starter_Background_Cue.uasset" 502
"../../../../../../Users/jules/Documents/Unreal Projects/Gravity/Content/StarterContent/Maps/Minimal_Default.umap" 503
